# JRE version: OpenJDK Runtime Environment (11.0.11+9) (build 11.0.11+9-b60-7590822)
# Java VM: OpenJDK 64-Bit Server VM (11.0.11+9-b60-7590822, mixed mode, tiered, compressed oops, g1 gc, windows-amd64)
Heap:
 garbage-first heap   total 1028096K, used 240621K [0x0000000600000000, 0x0000000800000000)
  region size 2048K, 13 young (26624K), 13 survivors (26624K)
 Metaspace       used 153307K, capacity 157708K, committed 157852K, reserved 1187840K
  class space    used 18656K, capacity 20228K, committed 20300K, reserved 1048576K
GC Heap History (20 events):
Event: 184.565 GC heap after
{Heap after GC invocations=52 (full 0):
 garbage-first heap   total 374784K, used 212582K [0x0000000600000000, 0x0000000800000000)
  region size 2048K, 3 young (6144K), 3 survivors (6144K)
 Metaspace       used 147927K, capacity 152086K, committed 152348K, reserved 1181696K
  class space    used 18244K, capacity 19786K, committed 19916K, reserved 1048576K
}
Event: 184.593 GC heap before
{Heap before GC invocations=52 (full 0):
 garbage-first heap   total 374784K, used 222822K [0x0000000600000000, 0x0000000800000000)
  region size 2048K, 9 young (18432K), 3 survivors (6144K)
 Metaspace       used 147970K, capacity 152150K, committed 152348K, reserved 1181696K
  class space    used 18249K, capacity 19786K, committed 19916K, reserved 1048576K
}
Event: 184.611 GC heap after
{Heap after GC invocations=53 (full 0):
 garbage-first heap   total 374784K, used 210612K [0x0000000600000000, 0x0000000800000000)
  region size 2048K, 2 young (4096K), 2 survivors (4096K)
 Metaspace       used 147970K, capacity 152150K, committed 152348K, reserved 1181696K
  class space    used 18249K, capacity 19786K, committed 19916K, reserved 1048576K
}
Event: 185.052 GC heap before
{Heap before GC invocations=53 (full 0):
 garbage-first heap   total 374784K, used 298676K [0x0000000600000000, 0x0000000800000000)
  region size 2048K, 45 young (92160K), 2 survivors (4096K)
 Metaspace       used 148270K, capacity 152378K, committed 152604K, reserved 1181696K
  class space    used 18254K, capacity 19789K, committed 19916K, reserved 1048576K
}
Event: 185.070 GC heap after
{Heap after GC invocations=54 (full 0):
 garbage-first heap   total 483328K, used 213481K [0x0000000600000000, 0x0000000800000000)
  region size 2048K, 3 young (6144K), 3 survivors (6144K)
 Metaspace       used 148270K, capacity 152378K, committed 152604K, reserved 1181696K
  class space    used 18254K, capacity 19789K, committed 19916K, reserved 1048576K
}
Event: 185.950 GC heap before
{Heap before GC invocations=55 (full 0):
 garbage-first heap   total 483328K, used 350697K [0x0000000600000000, 0x0000000800000000)
  region size 2048K, 70 young (143360K), 3 survivors (6144K)
 Metaspace       used 149052K, capacity 153283K, committed 153372K, reserved 1183744K
  class space    used 18303K, capacity 19851K, committed 19916K, reserved 1048576K
}
Event: 185.965 GC heap after
{Heap after GC invocations=56 (full 0):
 garbage-first heap   total 483328K, used 216797K [0x0000000600000000, 0x0000000800000000)
  region size 2048K, 5 young (10240K), 5 survivors (10240K)
 Metaspace       used 149052K, capacity 153283K, committed 153372K, reserved 1183744K
  class space    used 18303K, capacity 19851K, committed 19916K, reserved 1048576K
}
Event: 186.491 GC heap before
{Heap before GC invocations=56 (full 0):
 garbage-first heap   total 483328K, used 360157K [0x0000000600000000, 0x0000000800000000)
  region size 2048K, 75 young (153600K), 5 survivors (10240K)
 Metaspace       used 149440K, capacity 153618K, committed 153884K, reserved 1183744K
  class space    used 18312K, capacity 19853K, committed 19916K, reserved 1048576K
}
Event: 186.507 GC heap after
{Heap after GC invocations=57 (full 0):
 garbage-first heap   total 483328K, used 220019K [0x0000000600000000, 0x0000000800000000)
  region size 2048K, 6 young (12288K), 6 survivors (12288K)
 Metaspace       used 149440K, capacity 153618K, committed 153884K, reserved 1183744K
  class space    used 18312K, capacity 19853K, committed 19916K, reserved 1048576K
}
Event: 187.180 GC heap before
{Heap before GC invocations=57 (full 0):
 garbage-first heap   total 483328K, used 367475K [0x0000000600000000, 0x0000000800000000)
  region size 2048K, 79 young (161792K), 6 survivors (12288K)
 Metaspace       used 149873K, capacity 154142K, committed 154268K, reserved 1183744K
  class space    used 18354K, capacity 19921K, committed 20044K, reserved 1048576K
}
Event: 187.208 GC heap after
{Heap after GC invocations=58 (full 0):
 garbage-first heap   total 483328K, used 224705K [0x0000000600000000, 0x0000000800000000)
  region size 2048K, 6 young (12288K), 6 survivors (12288K)
 Metaspace       used 149873K, capacity 154142K, committed 154268K, reserved 1183744K
  class space    used 18354K, capacity 19921K, committed 20044K, reserved 1048576K
}
Event: 187.758 GC heap before
{Heap before GC invocations=58 (full 0):
 garbage-first heap   total 483328K, used 378305K [0x0000000600000000, 0x0000000800000000)
  region size 2048K, 81 young (165888K), 6 survivors (12288K)
 Metaspace       used 150387K, capacity 154570K, committed 154780K, reserved 1183744K
  class space    used 18414K, capacity 19972K, committed 20044K, reserved 1048576K
}
Event: 187.784 GC heap after
{Heap after GC invocations=59 (full 0):
 garbage-first heap   total 694272K, used 227318K [0x0000000600000000, 0x0000000800000000)
  region size 2048K, 8 young (16384K), 8 survivors (16384K)
 Metaspace       used 150387K, capacity 154570K, committed 154780K, reserved 1183744K
  class space    used 18414K, capacity 19972K, committed 20044K, reserved 1048576K
}
Event: 189.179 GC heap before
{Heap before GC invocations=59 (full 0):
 garbage-first heap   total 694272K, used 485366K [0x0000000600000000, 0x0000000800000000)
  region size 2048K, 134 young (274432K), 8 survivors (16384K)
 Metaspace       used 150525K, capacity 154728K, committed 155036K, reserved 1183744K
  class space    used 18414K, capacity 19972K, committed 20044K, reserved 1048576K
}
Event: 189.208 GC heap after
{Heap after GC invocations=60 (full 0):
 garbage-first heap   total 694272K, used 232217K [0x0000000600000000, 0x0000000800000000)
  region size 2048K, 10 young (20480K), 10 survivors (20480K)
 Metaspace       used 150525K, capacity 154728K, committed 155036K, reserved 1183744K
  class space    used 18414K, capacity 19972K, committed 20044K, reserved 1048576K
}
Event: 190.646 GC heap before
{Heap before GC invocations=60 (full 0):
 garbage-first heap   total 694272K, used 553753K [0x0000000600000000, 0x0000000800000000)
  region size 2048K, 167 young (342016K), 10 survivors (20480K)
 Metaspace       used 150665K, capacity 154898K, committed 155036K, reserved 1183744K
  class space    used 18416K, capacity 19975K, committed 20044K, reserved 1048576K
}
Event: 190.684 GC heap after
{Heap after GC invocations=61 (full 0):
 garbage-first heap   total 694272K, used 235244K [0x0000000600000000, 0x0000000800000000)
  region size 2048K, 11 young (22528K), 11 survivors (22528K)
 Metaspace       used 150665K, capacity 154898K, committed 155036K, reserved 1183744K
  class space    used 18416K, capacity 19975K, committed 20044K, reserved 1048576K
}
Event: 193.541 GC heap before
{Heap before GC invocations=61 (full 0):
 garbage-first heap   total 694272K, used 569068K [0x0000000600000000, 0x0000000800000000)
  region size 2048K, 174 young (356352K), 11 survivors (22528K)
 Metaspace       used 150724K, capacity 154918K, committed 155036K, reserved 1183744K
  class space    used 18423K, capacity 19981K, committed 20044K, reserved 1048576K
}
Event: 193.577 GC heap after
{Heap after GC invocations=62 (full 0):
 garbage-first heap   total 694272K, used 242374K [0x0000000600000000, 0x0000000800000000)
  region size 2048K, 15 young (30720K), 15 survivors (30720K)
 Metaspace       used 150724K, capacity 154918K, committed 155036K, reserved 1183744K
  class space    used 18423K, capacity 19981K, committed 20044K, reserved 1048576K
}
Event: 206.703 GC heap before
{Heap before GC invocations=62 (full 0):
 garbage-first heap   total 694272K, used 576198K [0x0000000600000000, 0x0000000800000000)
  region size 2048K, 177 young (362496K), 15 survivors (30720K)
 Metaspace       used 153307K, capacity 157708K, committed 157852K, reserved 1187840K
  class space    used 18656K, capacity 20228K, committed 20300K, reserved 1048576K
}

